\BOOKMARK [0][-]{chapter.1}{\376\377\000R\000e\000c\000u\000r\000s\000o\000s\000\040\000a\000\040\000u\000t\000i\000l\000i\000z\000a\000r}{}% 1
\BOOKMARK [1][-]{section.1.1}{\376\377\000K\000e\000i\000l\000\040\000\265\000V\000i\000s\000i\000o\000n}{chapter.1}% 2
\BOOKMARK [1][-]{section.1.2}{\376\377\000V\000i\000s\000u\000a\000l\000\040\000C\000o\000d\000e}{chapter.1}% 3
\BOOKMARK [2][-]{subsection.1.2.1}{\376\377\000M\000\341\000q\000u\000i\000n\000a\000\040\000V\000i\000r\000t\000u\000a\000l\000\040\000c\000o\000n\000\040\000U\000b\000u\000n\000t\000u\000\040\0002\0004\000.\0000\0004\000,\000\040\000V\000i\000s\000u\000a\000l\000\040\000C\000o\000d\000e\000\040\000y\000\040\000C\000M\000S\000I\000S\000\040\000E\000x\000t\000e\000n\000s\000i\000o\000n\000\040\000i\000n\000s\000t\000a\000l\000a\000d\000o\000s}{section.1.2}% 4
\BOOKMARK [1][-]{section.1.3}{\376\377\000H\000a\000r\000d\000w\000a\000r\000e\000\040\000n\000e\000c\000e\000s\000a\000r\000i\000o}{chapter.1}% 5
\BOOKMARK [0][-]{chapter.2}{\376\377\000I\000n\000s\000t\000a\000l\000a\000c\000i\000\363\000n\000\040\000d\000e\000\040\000V\000C\000\040\000y\000\040\000l\000a\000\040\000e\000x\000t\000e\000n\000s\000i\000\363\000n\000\040\000C\000M\000S\000I\000S}{}% 6
\BOOKMARK [1][-]{section.2.1}{\376\377\000Q\000u\000\351\000\040\000i\000n\000s\000t\000a\000l\000a\000\040\000e\000l\000\040\000e\000n\000t\000o\000r\000n\000o}{chapter.2}% 7
\BOOKMARK [2][-]{subsection.2.1.1}{\376\377\000C\000o\000m\000p\000o\000n\000e\000n\000t\000e\000s\000\040\000p\000r\000i\000n\000c\000i\000p\000a\000l\000e\000s}{section.2.1}% 8
\BOOKMARK [2][-]{subsection.2.1.2}{\376\377\000P\000a\000c\000k\000s\000\040\000C\000M\000S\000I\000S\000\040\000i\000n\000s\000t\000a\000l\000a\000d\000o\000s}{section.2.1}% 9
\BOOKMARK [1][-]{section.2.2}{\376\377\000L\000i\000n\000u\000x}{chapter.2}% 10
\BOOKMARK [2][-]{subsection.2.2.1}{\376\377\000R\000e\000q\000u\000i\000s\000i\000t\000o\000s\000\040\000p\000r\000e\000v\000i\000o\000s}{section.2.2}% 11
\BOOKMARK [2][-]{subsection.2.2.2}{\376\377\000A\000r\000c\000h\000i\000v\000o\000s\000\040\000i\000m\000p\000l\000i\000c\000a\000d\000o\000s}{section.2.2}% 12
\BOOKMARK [2][-]{subsection.2.2.3}{\376\377\000C\000\363\000m\000o\000\040\000e\000j\000e\000c\000u\000t\000a\000r\000\040\000l\000a\000\040\000i\000n\000s\000t\000a\000l\000a\000c\000i\000\363\000n}{section.2.2}% 13
\BOOKMARK [2][-]{subsection.2.2.4}{\376\377\000Q\000u\000\351\000\040\000h\000a\000c\000e\000\040\000e\000l\000\040\000s\000c\000r\000i\000p\000t\000\040\000p\000a\000s\000o\000\040\000a\000\040\000p\000a\000s\000o}{section.2.2}% 14
\BOOKMARK [2][-]{subsection.2.2.5}{\376\377\000V\000a\000r\000i\000a\000b\000l\000e\000s\000\040\000y\000\040\000r\000u\000t\000a\000s\000\040\000c\000o\000n\000f\000i\000g\000u\000r\000a\000d\000a\000s}{section.2.2}% 15
\BOOKMARK [2][-]{subsection.2.2.6}{\376\377\000C\000o\000n\000f\000i\000g\000u\000r\000a\000c\000i\000\363\000n\000\040\000g\000l\000o\000b\000a\000l\000\040\000d\000e\000\040\000V\000S\000\040\000C\000o\000d\000e\000\040\000q\000u\000e\000\040\000g\000e\000n\000e\000r\000a\000\040\000e\000l\000\040\000s\000c\000r\000i\000p\000t}{section.2.2}% 16
\BOOKMARK [2][-]{subsection.2.2.7}{\376\377\000V\000e\000r\000i\000f\000i\000c\000a\000c\000i\000\363\000n\000\040\000p\000o\000s\000t\000e\000r\000i\000o\000r}{section.2.2}% 17
\BOOKMARK [2][-]{subsection.2.2.8}{\376\377\000I\000n\000c\000i\000d\000e\000n\000c\000i\000a\000s\000\040\000t\000\355\000p\000i\000c\000a\000s}{section.2.2}% 18
\BOOKMARK [2][-]{subsection.2.2.9}{\376\377\000D\000e\000s\000i\000n\000s\000t\000a\000l\000a\000c\000i\000\363\000n\000\040\000e\000n\000\040\000L\000i\000n\000u\000x}{section.2.2}% 19
\BOOKMARK [1][-]{section.2.3}{\376\377\000W\000i\000n\000d\000o\000w\000s}{chapter.2}% 20
\BOOKMARK [2][-]{subsection.2.3.1}{\376\377\000S\000i\000s\000t\000e\000m\000a\000\040\000o\000b\000j\000e\000t\000i\000v\000o}{section.2.3}% 21
\BOOKMARK [2][-]{subsection.2.3.2}{\376\377\000A\000r\000c\000h\000i\000v\000o\000s\000\040\000i\000m\000p\000l\000i\000c\000a\000d\000o\000s}{section.2.3}% 22
\BOOKMARK [2][-]{subsection.2.3.3}{\376\377\000C\000\363\000m\000o\000\040\000e\000j\000e\000c\000u\000t\000a\000r\000\040\000l\000a\000\040\000i\000n\000s\000t\000a\000l\000a\000c\000i\000\363\000n}{section.2.3}% 23
\BOOKMARK [2][-]{subsection.2.3.4}{\376\377\000Q\000u\000\351\000\040\000h\000a\000c\000e\000\040\000e\000l\000\040\000s\000c\000r\000i\000p\000t\000\040\000p\000a\000s\000o\000\040\000a\000\040\000p\000a\000s\000o}{section.2.3}% 24
\BOOKMARK [2][-]{subsection.2.3.5}{\376\377\000H\000e\000r\000r\000a\000m\000i\000e\000n\000t\000a\000s\000\040\000i\000n\000s\000t\000a\000l\000a\000d\000a\000s\000\040\000c\000o\000n\000\040\000w\000i\000n\000g\000e\000t}{section.2.3}% 25
\BOOKMARK [2][-]{subsection.2.3.6}{\376\377\000V\000a\000r\000i\000a\000b\000l\000e\000s\000\040\000y\000\040\000r\000u\000t\000a\000s\000\040\000c\000o\000n\000f\000i\000g\000u\000r\000a\000d\000a\000s}{section.2.3}% 26
\BOOKMARK [2][-]{subsection.2.3.7}{\376\377\000E\000x\000t\000e\000n\000s\000i\000o\000n\000e\000s\000\040\000i\000n\000s\000t\000a\000l\000a\000d\000a\000s\000\040\000e\000n\000\040\000V\000S\000\040\000C\000o\000d\000e}{section.2.3}% 27
\BOOKMARK [2][-]{subsection.2.3.8}{\376\377\000V\000e\000r\000i\000f\000i\000c\000a\000c\000i\000\363\000n\000\040\000p\000o\000s\000t\000e\000r\000i\000o\000r}{section.2.3}% 28
\BOOKMARK [2][-]{subsection.2.3.9}{\376\377\000I\000n\000c\000i\000d\000e\000n\000c\000i\000a\000s\000\040\000t\000\355\000p\000i\000c\000a\000s}{section.2.3}% 29
\BOOKMARK [2][-]{subsection.2.3.10}{\376\377\000D\000e\000s\000i\000n\000s\000t\000a\000l\000a\000c\000i\000\363\000n\000\040\000e\000n\000\040\000W\000i\000n\000d\000o\000w\000s}{section.2.3}% 30
\BOOKMARK [1][-]{section.2.4}{\376\377\000R\000e\000c\000o\000m\000e\000n\000d\000a\000c\000i\000o\000n\000e\000s\000\040\000d\000e\000\040\000u\000s\000o}{chapter.2}% 31
\BOOKMARK [1][-]{section.2.5}{\376\377\000R\000e\000s\000u\000m\000e\000n\000\040\000r\000\341\000p\000i\000d\000o}{chapter.2}% 32
\BOOKMARK [0][-]{chapter.3}{\376\377\000E\000j\000e\000m\000p\000l\000o\000s\000\040\000b\000\341\000s\000i\000c\000o\000s\000\040\000C\000M\000S\000I\000S\000\040\000R\000T\000O\000S\000\040\000V\0002}{}% 33
\BOOKMARK [1][-]{section.3.1}{\376\377\000D\000o\000c\000u\000m\000e\000n\000t\000a\000c\000i\000\363\000n\000\040\000e\000n\000\040\000o\000t\000r\000o\000s\000\040\000i\000d\000i\000o\000m\000a\000s}{chapter.3}% 34
\BOOKMARK [1][-]{section.3.2}{\376\377\000D\000e\000s\000c\000a\000r\000g\000a\000\040\000d\000e\000l\000\040\000c\000\363\000d\000i\000g\000o}{chapter.3}% 35
\BOOKMARK [1][-]{section.3.3}{\376\377\000L\000i\000s\000t\000a\000d\000o\000\040\000d\000e\000\040\000e\000j\000e\000m\000p\000l\000o\000s\000\040\000i\000n\000c\000l\000u\000i\000d\000o\000s}{chapter.3}% 36
\BOOKMARK [1][-]{section.3.4}{\376\377\000C\000o\000n\000f\000i\000g\000u\000r\000a\000c\000i\000\363\000n\000\040\000d\000e\000l\000\040\000P\000r\000o\000y\000e\000c\000t\000o\000\040\000d\000e\000\040\000K\000e\000i\000l}{chapter.3}% 37
\BOOKMARK [2][-]{subsection.3.4.1}{\376\377\000U\000s\000o\000\040\000d\000e\000l\000\040\000s\000i\000m\000u\000l\000a\000d\000o\000r}{section.3.4}% 38
\BOOKMARK [2][-]{subsection.3.4.2}{\376\377\000U\000s\000o\000\040\000d\000e\000l\000\040\000h\000a\000r\000d\000w\000a\000r\000e}{section.3.4}% 39
\BOOKMARK [2][-]{subsection.3.4.3}{\376\377\000D\000e\000p\000u\000r\000a\000c\000i\000\363\000n\000\040\000d\000e\000\040\000a\000p\000l\000i\000c\000a\000c\000i\000o\000n\000e\000s\000\040\000u\000s\000a\000n\000d\000o\000\040\000C\000M\000S\000I\000S\000-\000R\000T\000O\000S\000\040\000V\0002}{section.3.4}% 40
\BOOKMARK [2][-]{subsection.3.4.4}{\376\377\000S\000y\000m\000b\000o\000l\000s\000\040\000W\000i\000n\000d\000o\000w}{section.3.4}% 41
\BOOKMARK [2][-]{subsection.3.4.5}{\376\377\000L\000o\000g\000i\000c\000\040\000A\000n\000a\000l\000y\000z\000e\000r}{section.3.4}% 42
\BOOKMARK [2][-]{subsection.3.4.6}{\376\377\000P\000e\000r\000f\000o\000r\000m\000a\000n\000c\000e\000\040\000A\000n\000a\000l\000y\000z\000e\000r}{section.3.4}% 43
\BOOKMARK [1][-]{section.3.5}{\376\377\000C\000\363\000d\000i\000g\000o\000\040\000e\000n\000\040\000m\000a\000i\000n\000.\000c\000\040\000d\000e\000\040\000l\000o\000s\000\040\000e\000j\000e\000m\000p\000l\000o\000s}{chapter.3}% 44
\BOOKMARK [2][-]{subsection.3.5.1}{\376\377\000A\000l\000g\000u\000n\000o\000s\000\040\000d\000e\000t\000a\000l\000l\000e\000s\000\040\000i\000m\000p\000o\000r\000t\000a\000n\000t\000e\000s}{section.3.5}% 45
\BOOKMARK [0][-]{chapter.4}{\376\377\000U\000s\000o\000\040\000b\000\341\000s\000i\000c\000o\000\040\000d\000e\000\040\000u\000n\000\040\000t\000h\000r\000e\000a\000d\000\040\000e\000n\000\040\000C\000M\000S\000I\000S\000\040\000R\000T\000O\000S\000\040\000v\0002}{}% 46
\BOOKMARK [1][-]{section.4.1}{\376\377\000D\000e\000s\000c\000r\000i\000p\000c\000i\000\363\000n\000\040\000G\000e\000n\000e\000r\000a\000l\000\040\000d\000e\000\040\000e\000j\000e\000m\000p\000l\000o\000t\000h\000r\000e\000a\000d}{chapter.4}% 47
\BOOKMARK [1][-]{section.4.2}{\376\377\000E\000s\000t\000r\000u\000c\000t\000u\000r\000a\000\040\000d\000e\000\040\000D\000a\000t\000o\000s}{chapter.4}% 48
\BOOKMARK [1][-]{section.4.3}{\376\377\000I\000n\000i\000c\000i\000a\000l\000i\000z\000a\000c\000i\000\363\000n\000\040\000d\000e\000\040\000l\000o\000s\000\040\000h\000i\000l\000o\000s}{chapter.4}% 49
\BOOKMARK [1][-]{section.4.4}{\376\377\000F\000u\000n\000c\000i\000\363\000n\000\040\000d\000e\000l\000\040\000h\000i\000l\000o}{chapter.4}% 50
\BOOKMARK [1][-]{section.4.5}{\376\377\000U\000s\000o\000\040\000d\000e\000\040\000H\000A\000L\000\040\000y\000\040\000C\000M\000S\000I\000S\000\040\000R\000T\000O\000S}{chapter.4}% 51
\BOOKMARK [1][-]{section.4.6}{\376\377\000C\000\363\000d\000i\000g\000o\000\040\000F\000u\000e\000n\000t\000e}{chapter.4}% 52
\BOOKMARK [1][-]{section.4.7}{\376\377\000D\000e\000p\000e\000n\000d\000e\000n\000c\000i\000a\000s}{chapter.4}% 53
\BOOKMARK [1][-]{section.4.8}{\376\377\000P\000r\000e\000g\000u\000n\000t\000a\000s\000\040\000y\000\040\000r\000e\000s\000p\000u\000e\000s\000t\000a\000s\000\040\000s\000o\000b\000r\000e\000\040\000e\000j\000e\000m\000p\000l\000o\000t\000h\000r\000e\000a\000d}{chapter.4}% 54
\BOOKMARK [2][-]{subsection.4.8.1}{\376\377\000\277\000Q\000u\000\351\000\040\000h\000a\000c\000e\000\040\000e\000s\000t\000e\000\040\000c\000\363\000d\000i\000g\000o\000?}{section.4.8}% 55
\BOOKMARK [2][-]{subsection.4.8.2}{\376\377\000\277\000Q\000u\000\351\000\040\000e\000s\000\040\000l\000a\000\040\000e\000s\000t\000r\000u\000c\000t\000u\000r\000a\000\040\000m\000y\000g\000p\000i\000o\000\137\000p\000i\000n\000?}{section.4.8}% 56
\BOOKMARK [2][-]{subsection.4.8.3}{\376\377\000\277\000C\000\363\000m\000o\000\040\000s\000e\000\040\000i\000n\000i\000c\000i\000a\000l\000i\000z\000a\000\040\000e\000l\000\040\000h\000i\000l\000o\000?}{section.4.8}% 57
\BOOKMARK [2][-]{subsection.4.8.4}{\376\377\000\277\000Q\000u\000\351\000\040\000h\000a\000c\000e\000\040\000l\000a\000\040\000f\000u\000n\000c\000i\000\363\000n\000\040\000T\000h\000r\000e\000a\000d\000\050\000\051\000?}{section.4.8}% 58
\BOOKMARK [2][-]{subsection.4.8.5}{\376\377\000\277\000Q\000u\000\351\000\040\000s\000i\000g\000n\000i\000f\000i\000c\000a\000\040\000o\000s\000D\000e\000l\000a\000y\000\050\000\051\000?}{section.4.8}% 59
\BOOKMARK [2][-]{subsection.4.8.6}{\376\377\000\277\000Q\000u\000\351\000\040\000p\000a\000s\000a\000\040\000s\000i\000\040\000o\000s\000T\000h\000r\000e\000a\000d\000N\000e\000w\000\050\000\051\000\040\000d\000e\000v\000u\000e\000l\000v\000e\000\040\000N\000U\000L\000L\000?}{section.4.8}% 60
\BOOKMARK [2][-]{subsection.4.8.7}{\376\377\000\277\000Q\000u\000\351\000\040\000f\000i\000c\000h\000e\000r\000o\000s\000\040\000d\000e\000\040\000c\000a\000b\000e\000c\000e\000r\000a\000\040\000s\000e\000\040\000u\000t\000i\000l\000i\000z\000a\000n\000?}{section.4.8}% 61
\BOOKMARK [2][-]{subsection.4.8.8}{\376\377\000D\000e\000t\000e\000r\000m\000i\000n\000e\000\040\000l\000a\000\040\000c\000a\000r\000g\000a\000\040\000d\000e\000\040\000l\000a\000\040\000C\000P\000U\000\040\000e\000n\000\040\000e\000s\000t\000a\000\040\000a\000p\000l\000i\000c\000a\000c\000i\000\363\000n}{section.4.8}% 62
\BOOKMARK [0][-]{chapter.5}{\376\377\000U\000s\000o\000\040\000b\000\341\000s\000i\000c\000o\000\040\000d\000e\000\040\000t\000h\000r\000e\000a\000d\000s\000\040\000e\000n\000\040\000C\000M\000S\000I\000S\000\040\000R\000T\000O\000S\000\040\000v\0002}{}% 63
\BOOKMARK [1][-]{section.5.1}{\376\377\000D\000e\000s\000c\000r\000i\000p\000c\000i\000\363\000n\000\040\000G\000e\000n\000e\000r\000a\000l}{chapter.5}% 64
\BOOKMARK [1][-]{section.5.2}{\376\377\000E\000s\000t\000r\000u\000c\000t\000u\000r\000a\000\040\000m\000y\000g\000p\000i\000o\000\137\000p\000i\000n}{chapter.5}% 65
\BOOKMARK [1][-]{section.5.3}{\376\377\000I\000n\000i\000c\000i\000a\000l\000i\000z\000a\000c\000i\000\363\000n\000\040\000d\000e\000\040\000l\000o\000s\000\040\000t\000h\000r\000e\000a\000d\000s}{chapter.5}% 66
\BOOKMARK [1][-]{section.5.4}{\376\377\000T\000h\000r\000e\000a\000d\000\050\000\051}{chapter.5}% 67
\BOOKMARK [1][-]{section.5.5}{\376\377\000H\000A\000L\000\040\000y\000\040\000C\000M\000S\000I\000S\000\040\000R\000T\000O\000S}{chapter.5}% 68
\BOOKMARK [1][-]{section.5.6}{\376\377\000C\000\363\000d\000i\000g\000o}{chapter.5}% 69
\BOOKMARK [1][-]{section.5.7}{\376\377\000D\000e\000p\000e\000n\000d\000e\000n\000c\000i\000a\000s\000\040\000s\000o\000f\000t\000w\000a\000r\000e}{chapter.5}% 70
\BOOKMARK [1][-]{section.5.8}{\376\377\000P\000r\000e\000g\000u\000n\000t\000a\000s\000\040\000y\000\040\000r\000e\000s\000p\000u\000e\000s\000t\000a\000s\000\040\000s\000o\000b\000r\000e\000\040\000e\000j\000e\000m\000p\000l\000o\000t\000h\000r\000e\000a\000d\000s}{chapter.5}% 71
\BOOKMARK [2][-]{subsection.5.8.1}{\376\377\000\277\000Q\000u\000\351\000\040\000f\000u\000n\000c\000i\000\363\000n\000\040\000h\000a\000c\000e\000\040\000e\000s\000t\000e\000\040\000c\000\363\000d\000i\000g\000o\000?}{section.5.8}% 72
\BOOKMARK [2][-]{subsection.5.8.2}{\376\377\000\277\000Q\000u\000\351\000\040\000f\000u\000n\000c\000i\000\363\000n\000\040\000t\000i\000e\000n\000e\000\040\000m\000y\000g\000p\000i\000o\000\137\000p\000i\000n\000?}{section.5.8}% 73
\BOOKMARK [2][-]{subsection.5.8.3}{\376\377\000\277\000C\000\363\000m\000o\000\040\000s\000e\000\040\000i\000n\000i\000c\000i\000a\000l\000i\000z\000a\000n\000\040\000l\000o\000s\000\040\000h\000i\000l\000o\000s\000?}{section.5.8}% 74
\BOOKMARK [2][-]{subsection.5.8.4}{\376\377\000\277\000Q\000u\000\351\000\040\000f\000u\000n\000c\000i\000\363\000n\000\040\000t\000i\000e\000n\000e\000\272\000\040\000T\000h\000r\000e\000a\000d\000\050\000\051\000?}{section.5.8}% 75
\BOOKMARK [2][-]{subsection.5.8.5}{\376\377\000\277\000S\000e\000\040\000e\000j\000e\000c\000u\000t\000a\000n\000\040\000l\000o\000s\000\040\000h\000i\000l\000o\000s\000\040\000a\000l\000\040\000m\000i\000s\000m\000o\000\040\000t\000i\000e\000m\000p\000o\000?}{section.5.8}% 76
\BOOKMARK [2][-]{subsection.5.8.6}{\376\377\000\277\000Q\000u\000\351\000\040\000f\000u\000n\000c\000i\000\363\000n\000\040\000t\000i\000e\000n\000e\000\040\000o\000s\000D\000e\000l\000a\000y\000\050\000\051}{section.5.8}% 77
\BOOKMARK [2][-]{subsection.5.8.7}{\376\377\000\277\000Q\000u\000\351\000\040\000p\000a\000s\000a\000\040\000s\000i\000\040\000o\000s\000T\000h\000r\000e\000a\000d\000N\000e\000w\000\050\000\051\000\040\000r\000e\000t\000o\000r\000n\000a\000\040\000N\000U\000L\000L\000?}{section.5.8}% 78
\BOOKMARK [2][-]{subsection.5.8.8}{\376\377\000\277\000Q\000u\000\351\000\040\000i\000n\000c\000l\000u\000d\000e\000s\000\040\000s\000e\000\040\000u\000t\000i\000l\000i\000z\000a\000n\000?}{section.5.8}% 79
\BOOKMARK [2][-]{subsection.5.8.9}{\376\377\000\277\000C\000u\000a\000n\000t\000o\000\040\000v\000a\000l\000e\000\040\000e\000l\000\040\000v\000a\000l\000o\000r\000\040\000d\000e\000l\000\040\000t\000i\000c\000k\000\040\000e\000s\000\040\000e\000s\000t\000a\000\040\000a\000p\000l\000i\000c\000a\000c\000i\000\363\000n\000?}{section.5.8}% 80
\BOOKMARK [2][-]{subsection.5.8.10}{\376\377\000\277\000Q\000u\000e\000\040\000e\000s\000\040\000e\000l\000\040\000t\000h\000r\000e\000a\000d\000\040\000I\000d\000l\000e\000?\000\040\000\277\000Q\000u\000\351\000\040\000t\000a\000m\000a\000\361\000o\000\040\000d\000e\000\040\000s\000t\000a\000c\000k\000\040\000t\000i\000e\000n\000e\000?\000\040\000\277\000Y\000\040\000o\000t\000r\000o\000\040\000t\000h\000r\000e\000a\000d\000?\000\040\000\277\000Q\000u\000e\000\040\000t\000a\000m\000a\000\361\000o\000\040\000d\000e\000\040\000s\000t\000a\000c\000k\000\040\000u\000s\000a\000?}{section.5.8}% 81
\BOOKMARK [0][-]{chapter.6}{\376\377\000U\000s\000o\000\040\000b\000\341\000s\000i\000c\000o\000\040\000d\000e\000\040\000t\000h\000r\000e\000a\000d\000s\000\040\000y\000\040\000c\000o\000l\000a\000s\000\040\000e\000n\000\040\000C\000M\000S\000I\000S\000\040\000R\000T\000O\000S\000\040\000v\0002}{}% 82
\BOOKMARK [1][-]{section.6.1}{\376\377\000D\000e\000s\000c\000r\000i\000p\000c\000i\000\363\000n\000\040\000G\000e\000n\000e\000r\000a\000l}{chapter.6}% 83
\BOOKMARK [1][-]{section.6.2}{\376\377\000E\000s\000t\000r\000u\000c\000t\000u\000r\000a\000s\000\040\000d\000e\000\040\000D\000a\000t\000o\000s}{chapter.6}% 84
\BOOKMARK [1][-]{section.6.3}{\376\377\000C\000r\000e\000a\000c\000i\000\363\000n\000\040\000H\000i\000l\000o\000s}{chapter.6}% 85
\BOOKMARK [1][-]{section.6.4}{\376\377\000P\000r\000o\000d\000u\000c\000e\000r}{chapter.6}% 86
\BOOKMARK [1][-]{section.6.5}{\376\377\000C\000o\000n\000s\000u\000m\000e\000r}{chapter.6}% 87
\BOOKMARK [1][-]{section.6.6}{\376\377\000H\000A\000L\000-\000C\000M\000S\000I\000S\000\040\000R\000T\000O\000S}{chapter.6}% 88
\BOOKMARK [1][-]{section.6.7}{\376\377\000F\000u\000e\000n\000t\000e}{chapter.6}% 89
\BOOKMARK [1][-]{section.6.8}{\376\377\000D\000e\000p\000e\000n\000d\000e\000n\000c\000i\000a\000s\000\040\000d\000e\000\040\000s\000o\000f\000t\000w\000a\000r\000e}{chapter.6}% 90
\BOOKMARK [1][-]{section.6.9}{\376\377\000P\000r\000e\000g\000u\000n\000t\000a\000s\000\040\000y\000\040\000r\000e\000s\000p\000u\000e\000s\000t\000a\000s\000\040\000s\000o\000b\000r\000e\000\040\000e\000j\000e\000m\000p\000l\000o\000t\000h\000r\000e\000a\000d\000s\000-\000q\000u\000e\000u\000e\000s}{chapter.6}% 91
\BOOKMARK [2][-]{subsection.6.9.1}{\376\377\000\277\000C\000u\000\341\000l\000\040\000e\000s\000\040\000e\000l\000\040\000p\000r\000o\000p\000\363\000s\000i\000t\000o\000\040\000d\000e\000\040\000l\000a\000\040\000c\000o\000l\000a\000\040\000d\000e\000\040\000m\000e\000n\000s\000a\000j\000e\000s\000\040\000i\000d\000\137\000M\000s\000g\000Q\000u\000e\000u\000e\000\040\000e\000n\000\040\000e\000s\000t\000a\000\040\000a\000p\000l\000i\000c\000a\000c\000i\000\363\000n\000?}{section.6.9}% 92
\BOOKMARK [2][-]{subsection.6.9.2}{\376\377\000\277\000Q\000u\000\351\000\040\000f\000u\000n\000c\000i\000\363\000n\000\040\000c\000u\000m\000p\000l\000e\000\040\000e\000l\000\040\000b\000u\000c\000l\000e\000\040\000a\000n\000i\000d\000a\000d\000o\000\040\000e\000n\000\040\000e\000l\000\040\000h\000i\000l\000o\000\040\000P\000r\000o\000d\000u\000c\000e\000r\000?}{section.6.9}% 93
\BOOKMARK [2][-]{subsection.6.9.3}{\376\377\000\277\000C\000u\000a\000n\000t\000o\000\040\000t\000i\000e\000m\000p\000o\000\040\000t\000a\000r\000d\000a\000\040\000e\000n\000\040\000l\000l\000e\000n\000a\000r\000s\000e\000\040\000l\000a\000\040\000c\000o\000l\000a\000\040\000d\000e\000\040\000m\000e\000n\000s\000a\000j\000e\000s\000\040\000i\000d\000\137\000M\000s\000g\000Q\000u\000e\000u\000e\000?}{section.6.9}% 94
\BOOKMARK [2][-]{subsection.6.9.4}{\376\377\000\277\000c\000u\000a\000n\000t\000o\000\040\000v\000a\000l\000e\000\040\000l\000a\000\040\000v\000a\000r\000i\000a\000b\000l\000e\000\040\000e\000r\000r\000o\000r\000s\000\137\000o\000r\000\137\000t\000i\000m\000e\000o\000u\000t\000s\000\040\000d\000e\000s\000p\000u\000e\000s\000\040\000d\000e\000\040\0001\000\040\000m\000i\000n\000u\000t\000o\000\040\000d\000e\000\040\000e\000j\000e\000c\000u\000c\000i\000\363\000n\000\040\000d\000e\000l\000\040\000c\000\363\000d\000i\000g\000o\000?}{section.6.9}% 95
\BOOKMARK [0][-]{chapter.7}{\376\377\000U\000s\000o\000\040\000b\000\341\000s\000i\000c\000o\000\040\000d\000e\000\040\000t\000h\000r\000e\000a\000d\000s\000\040\000y\000\040\000f\000l\000a\000g\000s\000\040\000e\000n\000\040\000C\000M\000S\000I\000S\000\040\000R\000T\000O\000S\000\040\000v\0002}{}% 96
\BOOKMARK [1][-]{section.7.1}{\376\377\000D\000e\000s\000c\000r\000i\000p\000c\000i\000\363\000n}{chapter.7}% 97
\BOOKMARK [1][-]{section.7.2}{\376\377\000F\000u\000n\000c\000i\000\363\000n\000\040\000d\000e\000l\000\040\000h\000i\000l\000o\000\040\000P\000r\000o\000d\000u\000c\000e\000r}{chapter.7}% 98
\BOOKMARK [1][-]{section.7.3}{\376\377\000F\000u\000n\000c\000i\000\363\000n\000\040\000d\000e\000l\000\040\000h\000i\000l\000o\000\040\000C\000o\000n\000s\000u\000m\000e\000r}{chapter.7}% 99
\BOOKMARK [1][-]{section.7.4}{\376\377\000H\000A\000L\000\040\000y\000\040\000C\000M\000S\000I\000S\000\040\000R\000T\000O\000S}{chapter.7}% 100
\BOOKMARK [1][-]{section.7.5}{\376\377\000C\000\363\000d\000i\000g\000o\000\040\000a\000p\000l\000i\000c\000a\000c\000i\000\363\000n}{chapter.7}% 101
\BOOKMARK [1][-]{section.7.6}{\376\377\000D\000e\000p\000e\000n\000d\000e\000n\000c\000i\000a\000s\000\040\000d\000e\000\040\000s\000o\000f\000t\000w\000a\000r\000e\000\040\000d\000e\000l\000\040\000e\000j\000e\000m\000p\000l\000o}{chapter.7}% 102
\BOOKMARK [1][-]{section.7.7}{\376\377\000P\000r\000e\000g\000u\000n\000t\000a\000s\000\040\000y\000\040\000r\000e\000s\000p\000u\000e\000s\000t\000a\000s\000\040\000s\000o\000b\000r\000e\000\040\000e\000j\000e\000m\000p\000l\000o\000t\000h\000r\000e\000a\000d\000s\000-\000f\000l\000a\000g\000s}{chapter.7}% 103
\BOOKMARK [2][-]{subsection.7.7.1}{\376\377\000S\000e\000\040\000m\000o\000d\000i\000f\000i\000c\000a\000\040\000e\000l\000\040\000c\000\363\000d\000i\000g\000o\000\040\000d\000e\000l\000\040\000P\000r\000o\000d\000u\000c\000e\000r\000\040\000p\000a\000r\000a\000\040\000q\000u\000e\000\040\000e\000n\000v\000\355\000e\000\040\000a\000m\000b\000a\000s\000\040\000s\000e\000\361\000a\000l\000e\000s\000\040\000\050\0000\000x\0000\0000\0000\0001\000\040\000y\000\040\0000\000x\0000\0000\0000\0002\000\051\000\040\000d\000e\000\040\000f\000o\000r\000m\000a\000\040\000c\000a\000s\000i\000\040\000s\000i\000m\000u\000l\000t\000\341\000n\000e\000a\000,\000\040\000s\000e\000g\000u\000i\000d\000o\000\040\000d\000e\000\040\000u\000n\000\040\000d\000e\000l\000a\000y\000\040\000d\000e\000\040\0001\000\040\000s\000e\000g\000u\000n\000d\000o\000:}{section.7.7}% 104
\BOOKMARK [0][-]{chapter.8}{\376\377\000U\000s\000o\000\040\000b\000\341\000s\000i\000c\000o\000\040\000d\000e\000\040\000t\000h\000r\000e\000a\000d\000s\000\040\000y\000\040\000s\000o\000f\000t\000w\000a\000r\000e\000\040\000t\000i\000m\000e\000r\000s\000\040\000e\000n\000\040\000C\000M\000S\000I\000S\000\040\000R\000T\000O\000S\000\040\000v\0002}{}% 105
\BOOKMARK [1][-]{section.8.1}{\376\377\000D\000e\000s\000c\000r\000i\000p\000c\000i\000\363\000n\000\040\000G\000e\000n\000e\000r\000a\000l}{chapter.8}% 106
\BOOKMARK [1][-]{section.8.2}{\376\377\000F\000u\000n\000c\000i\000\363\000n\000\040\000d\000e\000l\000\040\000H\000i\000l\000o\000\040\000T\000i\000m\000e\000r\000s}{chapter.8}% 107
\BOOKMARK [1][-]{section.8.3}{\376\377\000U\000s\000o\000\040\000d\000e\000\040\000H\000A\000L\000\040\000y\000\040\000C\000M\000S\000I\000S\000\040\000R\000T\000O\000S}{chapter.8}% 108
\BOOKMARK [1][-]{section.8.4}{\376\377\000C\000\363\000d\000i\000g\000o\000\040\000e\000s\000p\000e\000c\000\355\000f\000i\000c\000o}{chapter.8}% 109
\BOOKMARK [1][-]{section.8.5}{\376\377\000D\000e\000p\000e\000n\000d\000e\000n\000c\000i\000a}{chapter.8}% 110
\BOOKMARK [1][-]{section.8.6}{\376\377\000P\000r\000e\000g\000u\000n\000t\000a\000s\000\040\000y\000\040\000r\000e\000s\000p\000u\000e\000s\000t\000a\000s\000\040\000s\000o\000b\000r\000e\000\040\000e\000j\000e\000m\000p\000l\000o\000t\000h\000r\000e\000a\000d\000s\000-\000t\000i\000m\000e\000r\000s}{chapter.8}% 111
\BOOKMARK [2][-]{subsection.8.6.1}{\376\377\000\277\000C\000u\000a\000l\000\040\000e\000s\000\040\000l\000a\000\040\000d\000i\000f\000e\000r\000e\000n\000c\000i\000a\000\040\000f\000u\000n\000d\000a\000m\000e\000n\000t\000a\000l\000\040\000e\000n\000t\000r\000e\000\040\000u\000n\000\040\000t\000i\000m\000e\000r\000\040\000p\000e\000r\000i\000\363\000d\000i\000c\000o\000\040\000o\000t\000r\000o\000\040\000o\000n\000e\000-\000s\000h\000o\000t\000?}{section.8.6}% 112
\BOOKMARK [2][-]{subsection.8.6.2}{\376\377\000L\000o\000s\000\040\000f\000i\000c\000h\000e\000r\000o\000s\000\040\000R\000T\000X\000\137\000c\000o\000n\000f\000i\000g\000.\000h\000\040\000y\000\040\000R\000T\000X\000\137\000c\000o\000n\000f\000i\000g\000.\000c\000\040\000s\000o\000n\000\040\000g\000e\000n\000e\000r\000a\000d\000o\000s\000\040\000a\000u\000t\000o\000m\000\341\000t\000i\000c\000a\000m\000e\000n\000t\000e\000\040\000p\000o\000r\000\040\000e\000l\000\040\000e\000n\000t\000o\000r\000n\000o\000\040\000d\000e\000\040\000d\000e\000s\000a\000r\000r\000o\000l\000l\000o\000.\000\040\000\277\000S\000e\000\040\000p\000u\000e\000d\000e\000n\000\040\000m\000o\000d\000i\000f\000i\000c\000a\000r\000?}{section.8.6}% 113
\BOOKMARK [2][-]{subsection.8.6.3}{\376\377\000S\000i\000\040\000s\000e\000\040\000f\000i\000j\000a\000\040\000u\000n\000\040\000p\000u\000n\000t\000o\000\040\000d\000e\000\040\000r\000u\000p\000t\000u\000r\000a\000\040\000e\000n\000\040\000l\000a\000\040\000l\000\355\000n\000e\000a\000\040\0004\0007\000,\000\040\000\277\000q\000u\000\351\000\040\000s\000e\000\040\000e\000s\000p\000e\000r\000a\000\040\000v\000e\000r\000\040\000e\000n\000\040\000e\000l\000\040\000W\000a\000t\000c\000h\000\040\000W\000i\000n\000d\000o\000w\000s\000-\000>\000R\000T\000X\000\040\000R\000T\000O\000S\000?}{section.8.6}% 114
